Performing C SOURCE FILE Test CMAKE_HAVE_LIBC_PTHREAD failed with the following output:
Change Dir: /mnt/d/aeron_udp_service/cpp/build/CMakeFiles/CMakeTmp

Run Build Command(s):/usr/bin/make cmTC_cb57c/fast && /usr/bin/make -f CMakeFiles/cmTC_cb57c.dir/build.make CMakeFiles/cmTC_cb57c.dir/build
make[1]: Entering directory '/mnt/d/aeron_udp_service/cpp/build/CMakeFiles/CMakeTmp'
Building C object CMakeFiles/cmTC_cb57c.dir/src.c.o
/usr/bin/cc   -DCMAKE_HAVE_LIBC_PTHREAD   -o CMakeFiles/cmTC_cb57c.dir/src.c.o   -c /mnt/d/aeron_udp_service/cpp/build/CMakeFiles/CMakeTmp/src.c
Linking C executable cmTC_cb57c
/usr/bin/cmake -E cmake_link_script CMakeFiles/cmTC_cb57c.dir/link.txt --verbose=1
/usr/bin/cc  -DCMAKE_HAVE_LIBC_PTHREAD    CMakeFiles/cmTC_cb57c.dir/src.c.o  -o cmTC_cb57c 
/usr/bin/ld: CMakeFiles/cmTC_cb57c.dir/src.c.o: in function `main':
src.c:(.text+0x46): undefined reference to `pthread_create'
/usr/bin/ld: src.c:(.text+0x52): undefined reference to `pthread_detach'
/usr/bin/ld: src.c:(.text+0x63): undefined reference to `pthread_join'
collect2: error: ld returned 1 exit status
make[1]: *** [CMakeFiles/cmTC_cb57c.dir/build.make:87: cmTC_cb57c] Error 1
make[1]: Leaving directory '/mnt/d/aeron_udp_service/cpp/build/CMakeFiles/CMakeTmp'
make: *** [Makefile:121: cmTC_cb57c/fast] Error 2


Source file was:
#include <pthread.h>

void* test_func(void* data)
{
  return data;
}

int main(void)
{
  pthread_t thread;
  pthread_create(&thread, NULL, test_func, NULL);
  pthread_detach(thread);
  pthread_join(thread, NULL);
  pthread_atfork(NULL, NULL, NULL);
  pthread_exit(NULL);

  return 0;
}

Determining if the function pthread_create exists in the pthreads failed with the following output:
Change Dir: /mnt/d/aeron_udp_service/cpp/build/CMakeFiles/CMakeTmp

Run Build Command(s):/usr/bin/make cmTC_abc87/fast && /usr/bin/make -f CMakeFiles/cmTC_abc87.dir/build.make CMakeFiles/cmTC_abc87.dir/build
make[1]: Entering directory '/mnt/d/aeron_udp_service/cpp/build/CMakeFiles/CMakeTmp'
Building C object CMakeFiles/cmTC_abc87.dir/CheckFunctionExists.c.o
/usr/bin/cc   -DCHECK_FUNCTION_EXISTS=pthread_create   -o CMakeFiles/cmTC_abc87.dir/CheckFunctionExists.c.o   -c /usr/share/cmake-3.16/Modules/CheckFunctionExists.c
Linking C executable cmTC_abc87
/usr/bin/cmake -E cmake_link_script CMakeFiles/cmTC_abc87.dir/link.txt --verbose=1
/usr/bin/cc  -DCHECK_FUNCTION_EXISTS=pthread_create    CMakeFiles/cmTC_abc87.dir/CheckFunctionExists.c.o  -o cmTC_abc87  -lpthreads 
/usr/bin/ld: cannot find -lpthreads
collect2: error: ld returned 1 exit status
make[1]: *** [CMakeFiles/cmTC_abc87.dir/build.make:87: cmTC_abc87] Error 1
make[1]: Leaving directory '/mnt/d/aeron_udp_service/cpp/build/CMakeFiles/CMakeTmp'
make: *** [Makefile:121: cmTC_abc87/fast] Error 2



Determining if the F_PREALLOCATE exist failed with the following output:
Change Dir: /mnt/d/aeron_udp_service/cpp/build/CMakeFiles/CMakeTmp

Run Build Command(s):/usr/bin/make cmTC_3a232/fast && /usr/bin/make -f CMakeFiles/cmTC_3a232.dir/build.make CMakeFiles/cmTC_3a232.dir/build
make[1]: Entering directory '/mnt/d/aeron_udp_service/cpp/build/CMakeFiles/CMakeTmp'
Building C object CMakeFiles/cmTC_3a232.dir/CheckSymbolExists.c.o
/usr/bin/cc -D_GNU_SOURCE  -std=c11 -o CMakeFiles/cmTC_3a232.dir/CheckSymbolExists.c.o   -c /mnt/d/aeron_udp_service/cpp/build/CMakeFiles/CMakeTmp/CheckSymbolExists.c
/mnt/d/aeron_udp_service/cpp/build/CMakeFiles/CMakeTmp/CheckSymbolExists.c: In function ‘main’:
/mnt/d/aeron_udp_service/cpp/build/CMakeFiles/CMakeTmp/CheckSymbolExists.c:8:19: error: ‘F_PREALLOCATE’ undeclared (first use in this function)
    8 |   return ((int*)(&F_PREALLOCATE))[argc];
      |                   ^~~~~~~~~~~~~
/mnt/d/aeron_udp_service/cpp/build/CMakeFiles/CMakeTmp/CheckSymbolExists.c:8:19: note: each undeclared identifier is reported only once for each function it appears in
make[1]: *** [CMakeFiles/cmTC_3a232.dir/build.make:66: CMakeFiles/cmTC_3a232.dir/CheckSymbolExists.c.o] Error 1
make[1]: Leaving directory '/mnt/d/aeron_udp_service/cpp/build/CMakeFiles/CMakeTmp'
make: *** [Makefile:121: cmTC_3a232/fast] Error 2


File /mnt/d/aeron_udp_service/cpp/build/CMakeFiles/CMakeTmp/CheckSymbolExists.c:
/* */
#include <fcntl.h>

int main(int argc, char** argv)
{
  (void)argv;
#ifndef F_PREALLOCATE
  return ((int*)(&F_PREALLOCATE))[argc];
#else
  (void)argc;
  return 0;
#endif
}
Determining if the include file bsd/stdlib.h exists failed with the following output:
Change Dir: /mnt/d/aeron_udp_service/cpp/build/CMakeFiles/CMakeTmp

Run Build Command(s):/usr/bin/make cmTC_d7d57/fast && /usr/bin/make -f CMakeFiles/cmTC_d7d57.dir/build.make CMakeFiles/cmTC_d7d57.dir/build
make[1]: Entering directory '/mnt/d/aeron_udp_service/cpp/build/CMakeFiles/CMakeTmp'
Building C object CMakeFiles/cmTC_d7d57.dir/CheckIncludeFile.c.o
/usr/bin/cc -D_GNU_SOURCE  -std=c11 -o CMakeFiles/cmTC_d7d57.dir/CheckIncludeFile.c.o   -c /mnt/d/aeron_udp_service/cpp/build/CMakeFiles/CMakeTmp/CheckIncludeFile.c
/mnt/d/aeron_udp_service/cpp/build/CMakeFiles/CMakeTmp/CheckIncludeFile.c:1:10: fatal error: bsd/stdlib.h: No such file or directory
    1 | #include <bsd/stdlib.h>
      |          ^~~~~~~~~~~~~~
compilation terminated.
make[1]: *** [CMakeFiles/cmTC_d7d57.dir/build.make:66: CMakeFiles/cmTC_d7d57.dir/CheckIncludeFile.c.o] Error 1
make[1]: Leaving directory '/mnt/d/aeron_udp_service/cpp/build/CMakeFiles/CMakeTmp'
make: *** [Makefile:121: cmTC_d7d57/fast] Error 2



Determining if the include file uuid/uuid.h exists failed with the following output:
Change Dir: /mnt/d/aeron_udp_service/cpp/build/CMakeFiles/CMakeTmp

Run Build Command(s):/usr/bin/make cmTC_71d6f/fast && /usr/bin/make -f CMakeFiles/cmTC_71d6f.dir/build.make CMakeFiles/cmTC_71d6f.dir/build
make[1]: Entering directory '/mnt/d/aeron_udp_service/cpp/build/CMakeFiles/CMakeTmp'
Building C object CMakeFiles/cmTC_71d6f.dir/CheckIncludeFile.c.o
/usr/bin/cc -D_GNU_SOURCE  -std=c11 -o CMakeFiles/cmTC_71d6f.dir/CheckIncludeFile.c.o   -c /mnt/d/aeron_udp_service/cpp/build/CMakeFiles/CMakeTmp/CheckIncludeFile.c
/mnt/d/aeron_udp_service/cpp/build/CMakeFiles/CMakeTmp/CheckIncludeFile.c:1:10: fatal error: uuid/uuid.h: No such file or directory
    1 | #include <uuid/uuid.h>
      |          ^~~~~~~~~~~~~
compilation terminated.
make[1]: *** [CMakeFiles/cmTC_71d6f.dir/build.make:66: CMakeFiles/cmTC_71d6f.dir/CheckIncludeFile.c.o] Error 1
make[1]: Leaving directory '/mnt/d/aeron_udp_service/cpp/build/CMakeFiles/CMakeTmp'
make: *** [Makefile:121: cmTC_71d6f/fast] Error 2



Determining if the arc4random exist failed with the following output:
Change Dir: /mnt/d/aeron_udp_service/cpp/build/CMakeFiles/CMakeTmp

Run Build Command(s):/usr/bin/make cmTC_ac018/fast && /usr/bin/make -f CMakeFiles/cmTC_ac018.dir/build.make CMakeFiles/cmTC_ac018.dir/build
make[1]: Entering directory '/mnt/d/aeron_udp_service/cpp/build/CMakeFiles/CMakeTmp'
Building C object CMakeFiles/cmTC_ac018.dir/CheckSymbolExists.c.o
/usr/bin/cc -D_GNU_SOURCE  -std=c11 -o CMakeFiles/cmTC_ac018.dir/CheckSymbolExists.c.o   -c /mnt/d/aeron_udp_service/cpp/build/CMakeFiles/CMakeTmp/CheckSymbolExists.c
/mnt/d/aeron_udp_service/cpp/build/CMakeFiles/CMakeTmp/CheckSymbolExists.c: In function ‘main’:
/mnt/d/aeron_udp_service/cpp/build/CMakeFiles/CMakeTmp/CheckSymbolExists.c:8:19: error: ‘arc4random’ undeclared (first use in this function); did you mean ‘srandom’?
    8 |   return ((int*)(&arc4random))[argc];
      |                   ^~~~~~~~~~
      |                   srandom
/mnt/d/aeron_udp_service/cpp/build/CMakeFiles/CMakeTmp/CheckSymbolExists.c:8:19: note: each undeclared identifier is reported only once for each function it appears in
make[1]: *** [CMakeFiles/cmTC_ac018.dir/build.make:66: CMakeFiles/cmTC_ac018.dir/CheckSymbolExists.c.o] Error 1
make[1]: Leaving directory '/mnt/d/aeron_udp_service/cpp/build/CMakeFiles/CMakeTmp'
make: *** [Makefile:121: cmTC_ac018/fast] Error 2


File /mnt/d/aeron_udp_service/cpp/build/CMakeFiles/CMakeTmp/CheckSymbolExists.c:
/* */
#include <stdlib.h>

int main(int argc, char** argv)
{
  (void)argv;
#ifndef arc4random
  return ((int*)(&arc4random))[argc];
#else
  (void)argc;
  return 0;
#endif
}
Determining if the uuid_generate exist failed with the following output:
Change Dir: /mnt/d/aeron_udp_service/cpp/build/CMakeFiles/CMakeTmp

Run Build Command(s):/usr/bin/make cmTC_74951/fast && /usr/bin/make -f CMakeFiles/cmTC_74951.dir/build.make CMakeFiles/cmTC_74951.dir/build
make[1]: Entering directory '/mnt/d/aeron_udp_service/cpp/build/CMakeFiles/CMakeTmp'
Building C object CMakeFiles/cmTC_74951.dir/CheckSymbolExists.c.o
/usr/bin/cc -D_GNU_SOURCE  -std=c11 -o CMakeFiles/cmTC_74951.dir/CheckSymbolExists.c.o   -c /mnt/d/aeron_udp_service/cpp/build/CMakeFiles/CMakeTmp/CheckSymbolExists.c
/mnt/d/aeron_udp_service/cpp/build/CMakeFiles/CMakeTmp/CheckSymbolExists.c:2:10: fatal error: uuid/uuid.h: No such file or directory
    2 | #include <uuid/uuid.h>
      |          ^~~~~~~~~~~~~
compilation terminated.
make[1]: *** [CMakeFiles/cmTC_74951.dir/build.make:66: CMakeFiles/cmTC_74951.dir/CheckSymbolExists.c.o] Error 1
make[1]: Leaving directory '/mnt/d/aeron_udp_service/cpp/build/CMakeFiles/CMakeTmp'
make: *** [Makefile:121: cmTC_74951/fast] Error 2


File /mnt/d/aeron_udp_service/cpp/build/CMakeFiles/CMakeTmp/CheckSymbolExists.c:
/* */
#include <uuid/uuid.h>

int main(int argc, char** argv)
{
  (void)argv;
#ifndef uuid_generate
  return ((int*)(&uuid_generate))[argc];
#else
  (void)argc;
  return 0;
#endif
}
